=== RESUMO DO MONITORAMENTO ===
Data: sex 26 set 2025 12:19:22 -03
Processo: puzzle (PID: 80358)
Tempo de monitoramento: 0h 0m 6s
Total de leituras: 11
CPU Máximo: 12.6%
CPU Médio: 6.90%
MEM Máximo: 0%
MEM Médio: 0%
RSS Máximo: 7MB
RSS Médio: 5MB
===============================
=== RESUMO DO MONITORAMENTO ===
Data: sex 26 set 2025 12:19:22 -03
Processo: puzzle (PID: 80358)
Tempo de monitoramento: 0h 0m 6s
Total de leituras: 11
CPU Máximo: 12.6%
CPU Médio: 6.90%
MEM Máximo: 0%
MEM Médio: 0%
RSS Máximo: 7MB
RSS Médio: 5MB
===============================
=== RESUMO DO MONITORAMENTO ===
Data: sex 26 set 2025 12:20:56 -03
Processo: puzzle (PID: 81008)
Tempo de monitoramento: 0h 0m 37s
Total de leituras: 68
CPU Máximo: 73.5%
CPU Médio: 52.09%
MEM Máximo: 0.2%
MEM Médio: .08%
RSS Máximo: 16MB
RSS Médio: 10MB
===============================
=== RESUMO DO MONITORAMENTO ===
Data: sex 26 set 2025 12:20:56 -03
Processo: puzzle (PID: 81008)
Tempo de monitoramento: 0h 0m 37s
Total de leituras: 69
CPU Máximo: 73.8%
CPU Médio: 52.41%
MEM Máximo: 0.2%
MEM Médio: .08%
RSS Máximo: 16MB
RSS Médio: 10MB
===============================
=== RESUMO DO MONITORAMENTO ===
Data: sex 26 set 2025 12:20:58 -03
Processo: puzzle (PID: 81008)
Tempo de monitoramento: 0h 0m 39s
Total de leituras: 72
CPU Máximo: 74.4%
CPU Médio: 53.31%
MEM Máximo: 0.2%
MEM Médio: .09%
RSS Máximo: 16MB
RSS Médio: 11MB
===============================
=== RESUMO DO MONITORAMENTO ===
Data: sex 26 set 2025 12:20:58 -03
Processo: puzzle (PID: 81008)
Tempo de monitoramento: 0h 0m 39s
Total de leituras: 72
CPU Máximo: 74.4%
CPU Médio: 53.31%
MEM Máximo: 0.2%
MEM Médio: .09%
RSS Máximo: 16MB
RSS Médio: 11MB
===============================
